<?xml version="1.0" encoding="UTF-8"?>
<coverage generated="1761107966607" clover="3.2.0">
  <project timestamp="1761107966607" name="All files">
    <metrics statements="24" coveredstatements="24" conditionals="12" coveredconditionals="12" methods="4" coveredmethods="4" elements="40" coveredelements="40" complexity="0" loc="24" ncloc="24" packages="1" files="1" classes="1"/>
    <file name="routesServices.js" path="D:\00-Tuan\gitclone\kis-ass\be\services\routesServices.js">
      <metrics statements="24" coveredstatements="24" conditionals="12" coveredconditionals="12" methods="4" coveredmethods="4"/>
      <line num="1" count="1" type="stmt"/>
      <line num="6" count="9" type="stmt"/>
      <line num="7" count="9" type="stmt"/>
      <line num="10" count="3" type="stmt"/>
      <line num="12" count="6" type="stmt"/>
      <line num="19" count="13" type="cond" truecount="4" falsecount="0"/>
      <line num="20" count="5" type="stmt"/>
      <line num="23" count="8" type="stmt"/>
      <line num="24" count="8" type="stmt"/>
      <line num="28" count="5" type="stmt"/>
      <line num="30" count="3" type="stmt"/>
      <line num="37" count="12" type="cond" truecount="4" falsecount="0"/>
      <line num="38" count="5" type="stmt"/>
      <line num="41" count="7" type="stmt"/>
      <line num="42" count="7" type="stmt"/>
      <line num="46" count="4" type="stmt"/>
      <line num="48" count="3" type="stmt"/>
      <line num="54" count="12" type="cond" truecount="4" falsecount="0"/>
      <line num="55" count="5" type="stmt"/>
      <line num="57" count="7" type="stmt"/>
      <line num="58" count="7" type="stmt"/>
      <line num="62" count="4" type="stmt"/>
      <line num="64" count="3" type="stmt"/>
      <line num="69" count="1" type="stmt"/>
    </file>
  </project>
</coverage>
