{"D:\\00-Tuan\\gitclone\\kis-ass\\be\\controllers\\routesController.js": {"path":"D:\\00-Tuan\\gitclone\\kis-ass\\be\\controllers\\routesController.js","statementMap":{"0":{"start":{"line":1,"column":22},"end":{"line":1,"column":59}},"1":{"start":{"line":6,"column":4},"end":{"line":15,"column":5}},"2":{"start":{"line":7,"column":22},"end":{"line":7,"column":54}},"3":{"start":{"line":8,"column":6},"end":{"line":8,"column":36}},"4":{"start":{"line":10,"column":6},"end":{"line":10,"column":27}},"5":{"start":{"line":11,"column":6},"end":{"line":14,"column":9}},"6":{"start":{"line":20,"column":4},"end":{"line":35,"column":5}},"7":{"start":{"line":21,"column":27},"end":{"line":21,"column":37}},"8":{"start":{"line":23,"column":6},"end":{"line":25,"column":7}},"9":{"start":{"line":24,"column":8},"end":{"line":24,"column":71}},"10":{"start":{"line":27,"column":20},"end":{"line":27,"column":58}},"11":{"start":{"line":28,"column":6},"end":{"line":28,"column":34}},"12":{"start":{"line":30,"column":6},"end":{"line":30,"column":27}},"13":{"start":{"line":31,"column":6},"end":{"line":34,"column":9}},"14":{"start":{"line":40,"column":4},"end":{"line":55,"column":5}},"15":{"start":{"line":41,"column":25},"end":{"line":41,"column":35}},"16":{"start":{"line":43,"column":6},"end":{"line":45,"column":7}},"17":{"start":{"line":44,"column":8},"end":{"line":44,"column":69}},"18":{"start":{"line":47,"column":19},"end":{"line":47,"column":54}},"19":{"start":{"line":48,"column":6},"end":{"line":48,"column":33}},"20":{"start":{"line":50,"column":6},"end":{"line":50,"column":27}},"21":{"start":{"line":51,"column":6},"end":{"line":54,"column":9}},"22":{"start":{"line":60,"column":4},"end":{"line":75,"column":5}},"23":{"start":{"line":61,"column":24},"end":{"line":61,"column":34}},"24":{"start":{"line":63,"column":6},"end":{"line":65,"column":7}},"25":{"start":{"line":64,"column":8},"end":{"line":64,"column":68}},"26":{"start":{"line":67,"column":21},"end":{"line":67,"column":57}},"27":{"start":{"line":68,"column":6},"end":{"line":68,"column":35}},"28":{"start":{"line":70,"column":6},"end":{"line":70,"column":27}},"29":{"start":{"line":71,"column":6},"end":{"line":74,"column":9}},"30":{"start":{"line":79,"column":0},"end":{"line":79,"column":34}}},"fnMap":{"0":{"name":"(anonymous_0)","decl":{"start":{"line":5,"column":2},"end":{"line":5,"column":3}},"loc":{"start":{"line":5,"column":36},"end":{"line":16,"column":3}},"line":5},"1":{"name":"(anonymous_1)","decl":{"start":{"line":19,"column":2},"end":{"line":19,"column":3}},"loc":{"start":{"line":19,"column":34},"end":{"line":36,"column":3}},"line":19},"2":{"name":"(anonymous_2)","decl":{"start":{"line":39,"column":2},"end":{"line":39,"column":3}},"loc":{"start":{"line":39,"column":33},"end":{"line":56,"column":3}},"line":39},"3":{"name":"(anonymous_3)","decl":{"start":{"line":59,"column":2},"end":{"line":59,"column":3}},"loc":{"start":{"line":59,"column":35},"end":{"line":76,"column":3}},"line":59}},"branchMap":{"0":{"loc":{"start":{"line":23,"column":6},"end":{"line":25,"column":7}},"type":"if","locations":[{"start":{"line":23,"column":6},"end":{"line":25,"column":7}},{"start":{},"end":{}}],"line":23},"1":{"loc":{"start":{"line":43,"column":6},"end":{"line":45,"column":7}},"type":"if","locations":[{"start":{"line":43,"column":6},"end":{"line":45,"column":7}},{"start":{},"end":{}}],"line":43},"2":{"loc":{"start":{"line":63,"column":6},"end":{"line":65,"column":7}},"type":"if","locations":[{"start":{"line":63,"column":6},"end":{"line":65,"column":7}},{"start":{},"end":{}}],"line":63}},"s":{"0":1,"1":3,"2":3,"3":2,"4":1,"5":1,"6":3,"7":3,"8":3,"9":1,"10":2,"11":1,"12":1,"13":1,"14":3,"15":3,"16":3,"17":1,"18":2,"19":1,"20":1,"21":1,"22":4,"23":4,"24":4,"25":1,"26":3,"27":2,"28":1,"29":1,"30":1},"f":{"0":3,"1":3,"2":3,"3":4},"b":{"0":[1,2],"1":[1,2],"2":[1,3]},"_coverageSchema":"1a1c01bbd47fc00a2c39e90264f33305004495a9","hash":"51eb290b4f6dd50903f9206e211dd22cb38df691"}
,"D:\\00-Tuan\\gitclone\\kis-ass\\be\\services\\routesServices.js": {"path":"D:\\00-Tuan\\gitclone\\kis-ass\\be\\services\\routesServices.js","statementMap":{"0":{"start":{"line":1,"column":37},"end":{"line":1,"column":57}},"1":{"start":{"line":6,"column":4},"end":{"line":13,"column":5}},"2":{"start":{"line":7,"column":22},"end":{"line":9,"column":8}},"3":{"start":{"line":10,"column":6},"end":{"line":10,"column":21}},"4":{"start":{"line":12,"column":6},"end":{"line":12,"column":63}},"5":{"start":{"line":18,"column":4},"end":{"line":26,"column":5}},"6":{"start":{"line":19,"column":20},"end":{"line":22,"column":8}},"7":{"start":{"line":23,"column":6},"end":{"line":23,"column":19}},"8":{"start":{"line":25,"column":6},"end":{"line":25,"column":61}},"9":{"start":{"line":31,"column":4},"end":{"line":39,"column":5}},"10":{"start":{"line":32,"column":19},"end":{"line":35,"column":8}},"11":{"start":{"line":36,"column":6},"end":{"line":36,"column":18}},"12":{"start":{"line":38,"column":6},"end":{"line":38,"column":60}},"13":{"start":{"line":44,"column":4},"end":{"line":52,"column":5}},"14":{"start":{"line":45,"column":21},"end":{"line":48,"column":8}},"15":{"start":{"line":49,"column":6},"end":{"line":49,"column":20}},"16":{"start":{"line":51,"column":6},"end":{"line":51,"column":62}},"17":{"start":{"line":56,"column":0},"end":{"line":56,"column":31}}},"fnMap":{"0":{"name":"(anonymous_0)","decl":{"start":{"line":5,"column":2},"end":{"line":5,"column":3}},"loc":{"start":{"line":5,"column":28},"end":{"line":14,"column":3}},"line":5},"1":{"name":"(anonymous_1)","decl":{"start":{"line":17,"column":2},"end":{"line":17,"column":3}},"loc":{"start":{"line":17,"column":34},"end":{"line":27,"column":3}},"line":17},"2":{"name":"(anonymous_2)","decl":{"start":{"line":30,"column":2},"end":{"line":30,"column":3}},"loc":{"start":{"line":30,"column":31},"end":{"line":40,"column":3}},"line":30},"3":{"name":"(anonymous_3)","decl":{"start":{"line":43,"column":2},"end":{"line":43,"column":3}},"loc":{"start":{"line":43,"column":32},"end":{"line":53,"column":3}},"line":43}},"branchMap":{},"s":{"0":2,"1":4,"2":4,"3":3,"4":1,"5":5,"6":5,"7":4,"8":1,"9":4,"10":4,"11":3,"12":1,"13":5,"14":5,"15":4,"16":1,"17":2},"f":{"0":4,"1":5,"2":4,"3":5},"b":{},"_coverageSchema":"1a1c01bbd47fc00a2c39e90264f33305004495a9","hash":"bf95814706890773df3b6e85785dbe89ab4db6cf"}
}
