{"D:\\00-Tuan\\gitclone\\kis-ass\\be\\services\\routesServices.js": {"path":"D:\\00-Tuan\\gitclone\\kis-ass\\be\\services\\routesServices.js","statementMap":{"0":{"start":{"line":1,"column":37},"end":{"line":1,"column":64}},"1":{"start":{"line":6,"column":4},"end":{"line":13,"column":5}},"2":{"start":{"line":7,"column":22},"end":{"line":9,"column":8}},"3":{"start":{"line":10,"column":6},"end":{"line":10,"column":21}},"4":{"start":{"line":12,"column":6},"end":{"line":12,"column":63}},"5":{"start":{"line":19,"column":4},"end":{"line":21,"column":5}},"6":{"start":{"line":20,"column":6},"end":{"line":20,"column":54}},"7":{"start":{"line":23,"column":4},"end":{"line":31,"column":5}},"8":{"start":{"line":24,"column":20},"end":{"line":27,"column":8}},"9":{"start":{"line":28,"column":6},"end":{"line":28,"column":19}},"10":{"start":{"line":30,"column":6},"end":{"line":30,"column":61}},"11":{"start":{"line":37,"column":4},"end":{"line":39,"column":5}},"12":{"start":{"line":38,"column":6},"end":{"line":38,"column":52}},"13":{"start":{"line":41,"column":4},"end":{"line":49,"column":5}},"14":{"start":{"line":42,"column":19},"end":{"line":45,"column":8}},"15":{"start":{"line":46,"column":6},"end":{"line":46,"column":18}},"16":{"start":{"line":48,"column":6},"end":{"line":48,"column":60}},"17":{"start":{"line":54,"column":4},"end":{"line":56,"column":5}},"18":{"start":{"line":55,"column":6},"end":{"line":55,"column":51}},"19":{"start":{"line":57,"column":4},"end":{"line":65,"column":5}},"20":{"start":{"line":58,"column":21},"end":{"line":61,"column":8}},"21":{"start":{"line":62,"column":6},"end":{"line":62,"column":20}},"22":{"start":{"line":64,"column":6},"end":{"line":64,"column":62}},"23":{"start":{"line":69,"column":0},"end":{"line":69,"column":31}}},"fnMap":{"0":{"name":"(anonymous_0)","decl":{"start":{"line":5,"column":2},"end":{"line":5,"column":3}},"loc":{"start":{"line":5,"column":28},"end":{"line":14,"column":3}},"line":5},"1":{"name":"(anonymous_1)","decl":{"start":{"line":17,"column":2},"end":{"line":17,"column":3}},"loc":{"start":{"line":17,"column":34},"end":{"line":32,"column":3}},"line":17},"2":{"name":"(anonymous_2)","decl":{"start":{"line":35,"column":2},"end":{"line":35,"column":3}},"loc":{"start":{"line":35,"column":32},"end":{"line":50,"column":3}},"line":35},"3":{"name":"(anonymous_3)","decl":{"start":{"line":53,"column":2},"end":{"line":53,"column":3}},"loc":{"start":{"line":53,"column":32},"end":{"line":66,"column":3}},"line":53}},"branchMap":{"0":{"loc":{"start":{"line":19,"column":4},"end":{"line":21,"column":5}},"type":"if","locations":[{"start":{"line":19,"column":4},"end":{"line":21,"column":5}},{"start":{},"end":{}}],"line":19},"1":{"loc":{"start":{"line":19,"column":7},"end":{"line":19,"column":43}},"type":"binary-expr","locations":[{"start":{"line":19,"column":7},"end":{"line":19,"column":16}},{"start":{"line":19,"column":20},"end":{"line":19,"column":43}}],"line":19},"2":{"loc":{"start":{"line":37,"column":4},"end":{"line":39,"column":5}},"type":"if","locations":[{"start":{"line":37,"column":4},"end":{"line":39,"column":5}},{"start":{},"end":{}}],"line":37},"3":{"loc":{"start":{"line":37,"column":7},"end":{"line":37,"column":39}},"type":"binary-expr","locations":[{"start":{"line":37,"column":7},"end":{"line":37,"column":14}},{"start":{"line":37,"column":18},"end":{"line":37,"column":39}}],"line":37},"4":{"loc":{"start":{"line":54,"column":4},"end":{"line":56,"column":5}},"type":"if","locations":[{"start":{"line":54,"column":4},"end":{"line":56,"column":5}},{"start":{},"end":{}}],"line":54},"5":{"loc":{"start":{"line":54,"column":7},"end":{"line":54,"column":37}},"type":"binary-expr","locations":[{"start":{"line":54,"column":7},"end":{"line":54,"column":13}},{"start":{"line":54,"column":17},"end":{"line":54,"column":37}}],"line":54}},"s":{"0":1,"1":9,"2":9,"3":3,"4":6,"5":13,"6":5,"7":8,"8":8,"9":5,"10":3,"11":12,"12":5,"13":7,"14":7,"15":4,"16":3,"17":12,"18":5,"19":7,"20":7,"21":4,"22":3,"23":1},"f":{"0":9,"1":13,"2":12,"3":12},"b":{"0":[5,8],"1":[13,9],"2":[5,7],"3":[12,8],"4":[5,7],"5":[12,8]},"_coverageSchema":"1a1c01bbd47fc00a2c39e90264f33305004495a9","hash":"a53186cfc91ff1fcc7060227af8e6abbf2326e6d"}
}
