TN:
SF:services\routesServices.js
FN:5,(anonymous_0)
FN:17,(anonymous_1)
FN:35,(anonymous_2)
FN:53,(anonymous_3)
FNF:4
FNH:4
FNDA:9,(anonymous_0)
FNDA:13,(anonymous_1)
FNDA:12,(anonymous_2)
FNDA:12,(anonymous_3)
DA:1,1
DA:6,9
DA:7,9
DA:10,3
DA:12,6
DA:19,13
DA:20,5
DA:23,8
DA:24,8
DA:28,5
DA:30,3
DA:37,12
DA:38,5
DA:41,7
DA:42,7
DA:46,4
DA:48,3
DA:54,12
DA:55,5
DA:57,7
DA:58,7
DA:62,4
DA:64,3
DA:69,1
LF:24
LH:24
BRDA:19,0,0,5
BRDA:19,0,1,8
BRDA:19,1,0,13
BRDA:19,1,1,9
BRDA:37,2,0,5
BRDA:37,2,1,7
BRDA:37,3,0,12
BRDA:37,3,1,8
BRDA:54,4,0,5
BRDA:54,4,1,7
BRDA:54,5,0,12
BRDA:54,5,1,8
BRF:12
BRH:12
end_of_record
