TN:
SF:controllers\routesController.js
FN:5,(anonymous_0)
FN:19,(anonymous_1)
FN:39,(anonymous_2)
FN:59,(anonymous_3)
FNF:4
FNH:4
FNDA:3,(anonymous_0)
FNDA:3,(anonymous_1)
FNDA:3,(anonymous_2)
FNDA:4,(anonymous_3)
DA:1,1
DA:6,3
DA:7,3
DA:8,2
DA:10,1
DA:11,1
DA:20,3
DA:21,3
DA:23,3
DA:24,1
DA:27,2
DA:28,1
DA:30,1
DA:31,1
DA:40,3
DA:41,3
DA:43,3
DA:44,1
DA:47,2
DA:48,1
DA:50,1
DA:51,1
DA:60,4
DA:61,4
DA:63,4
DA:64,1
DA:67,3
DA:68,2
DA:70,1
DA:71,1
DA:79,1
LF:31
LH:31
BRDA:23,0,0,1
BRDA:23,0,1,2
BRDA:43,1,0,1
BRDA:43,1,1,2
BRDA:63,2,0,1
BRDA:63,2,1,3
BRF:6
BRH:6
end_of_record
TN:
SF:services\routesServices.js
FN:5,(anonymous_0)
FN:17,(anonymous_1)
FN:30,(anonymous_2)
FN:43,(anonymous_3)
FNF:4
FNH:4
FNDA:4,(anonymous_0)
FNDA:5,(anonymous_1)
FNDA:4,(anonymous_2)
FNDA:5,(anonymous_3)
DA:1,2
DA:6,4
DA:7,4
DA:10,3
DA:12,1
DA:18,5
DA:19,5
DA:23,4
DA:25,1
DA:31,4
DA:32,4
DA:36,3
DA:38,1
DA:44,5
DA:45,5
DA:49,4
DA:51,1
DA:56,2
LF:18
LH:18
BRF:0
BRH:0
end_of_record
